<?xml version="1.0" encoding="UTF-8"?>
<!-- Generated by org.testng.reporters.JUnitReportReporter -->
<testsuite hostname="Jhumas-laptop" failures="0" tests="1" name="zoopla.uk.myrunner.MyRunnerClass" time="15.278" errors="0" timestamp="03 Jan 2021 23:53:55 GMT" skipped="0">
  <testcase classname="zoopla.uk.myrunner.MyRunnerClass" name="feature" time="15.278"/>
</testsuite> <!-- zoopla.uk.myrunner.MyRunnerClass -->
