<?xml version="1.0" encoding="UTF-8"?>
<!-- Generated by org.testng.reporters.JUnitReportReporter -->
<testsuite skipped="0" hostname="LAPTOP-VCDSLDGR" name="zoopla.uk.myrunner.MyRunner2" tests="1" failures="0" timestamp="21 Nov 2020 19:28:32 GMT" time="0.051" errors="0">
  <testcase name="feature" time="0.051" classname="zoopla.uk.myrunner.MyRunner2"/>
</testsuite> <!-- zoopla.uk.myrunner.MyRunner2 -->
